<?xml version="1.0" encoding="UTF-8"?>
<!-- Generated by org.testng.reporters.JUnitReportReporter -->
<testsuite hostname="LAPTOP-GBHO9ASQ" failures="0" tests="1" name="com.testvagrant.testcases.Testcase1" time="2.149" errors="0" timestamp="2022-02-27T23:44:30 IST" skipped="0">
  <testcase classname="com.testvagrant.testcases.Testcase1" name="TC1" time="2.149"/>
  <system-out>
    <![CDATA[Location displaying as Chanakyapuri, Delhi]]>
  </system-out>
</testsuite> <!-- com.testvagrant.testcases.Testcase1 -->
