<?xml version="1.0" encoding="UTF-8"?>
<!-- Generated by org.testng.reporters.JUnitReportReporter -->
<testsuite skipped="0" hostname="INLH104910" name="com.herokuapp.testcases.TestngAnnotation" tests="1" failures="0" timestamp="2020-02-10T23:14:18 IST" time="14.197" errors="0">
  <testcase name="testCase1" time="14.197" classname="com.herokuapp.testcases.TestngAnnotation"/>
</testsuite> <!-- com.herokuapp.testcases.TestngAnnotation -->
